<?xml version="1.0" encoding="UTF-8"?>
<!-- Generated by org.testng.reporters.JUnitReportReporter -->
<testsuite skipped="0" hostname="LAPTOP-7HUNRUID" name="co.uk.expedia.testsuite.LoginTest" tests="1" failures="0" timestamp="2020-04-20T09:41:01 BST" time="26.201" errors="0">
  <testcase name="verifyErrorMessageIsDisplayed" time="26.201" classname="co.uk.expedia.testsuite.LoginTest"/>
  <system-out>
Clicking on Accept Tab : [[ChromeDriver: chrome on WINDOWS (9de71967371b9ed7e85cd120bece3a22)] -> xpath: //span[@class='button-text']]<br> Clicking on Account Tab : [[ChromeDriver: chrome on WINDOWS (9de71967371b9ed7e85cd120bece3a22)] -> xpath: //button[@id='header-account-menu']]<br> Clicking on Sign In Tab : [[ChromeDriver: chrome on WINDOWS (9de71967371b9ed7e85cd120bece3a22)] -> xpath: //button[@id='header-account-signin-button']]<br> Entering Email Id : Roger@gmail.com [[ChromeDriver: chrome on WINDOWS (9de71967371b9ed7e85cd120bece3a22)] -> id: gss-signin-email]<br> Entering Password  : Roger123 [[ChromeDriver: chrome on WINDOWS (9de71967371b9ed7e85cd120bece3a22)] -> id: gss-signin-password]<br> Clicking on Sign In Button  : [[ChromeDriver: chrome on WINDOWS (9de71967371b9ed7e85cd120bece3a22)] -> id: gss-signin-submit]<br> Verify Error Message  : You may have entered an unknown email address or an incorrect password [[ChromeDriver: chrome on WINDOWS (9de71967371b9ed7e85cd120bece3a22)] -> id: gss-signin-incorrect-email-or-password]<br> Verify Error Message  : You may have entered an unknown email address or an incorrect password [[ChromeDriver: chrome on WINDOWS (9de71967371b9ed7e85cd120bece3a22)] -> id: gss-signin-incorrect-email-or-password]<br>  </system-out>
</testsuite> <!-- co.uk.expedia.testsuite.LoginTest -->
