<?xml version="1.0" encoding="UTF-8"?>
<!-- Generated by org.testng.reporters.JUnitReportReporter -->
<testsuite skipped="0" hostname="LAPTOP-7HUNRUID" name="co.uk.expedia.testsuite.FlightTest" tests="1" failures="0" timestamp="2020-04-20T09:41:01 BST" time="154.134" errors="0">
  <testcase name="verifyThatSameDestinationFlightsInSearchFields" time="154.134" classname="co.uk.expedia.testsuite.FlightTest"/>
  <system-out>
Clicking on Accept Tab : [[ChromeDriver: chrome on WINDOWS (00d59c751133a6eb43f711c1a422e62b)] -> xpath: //span[@class='button-text']]<br> Clicking on Flights Tab : [[ChromeDriver: chrome on WINDOWS (00d59c751133a6eb43f711c1a422e62b)] -> xpath: //span[contains(text(),'Flights')]]<br> Entering Origin City : Delhi On Flying from field [[ChromeDriver: chrome on WINDOWS (00d59c751133a6eb43f711c1a422e62b)] -> xpath: //input[@id='flight-origin-hp-flight']]<br> Entering Destination City : Brisbane On Destination field [[ChromeDriver: chrome on WINDOWS (00d59c751133a6eb43f711c1a422e62b)] -> xpath: //input[@id='flight-origin-hp-flight']]<br> Entering Departure date : 07/05/2020 Departing Date [[ChromeDriver: chrome on WINDOWS (00d59c751133a6eb43f711c1a422e62b)] -> xpath: //input[@id='flight-departing-hp-flight']]<br> Entering Returning date : 21/05/2020 Returning Date [[ChromeDriver: chrome on WINDOWS (00d59c751133a6eb43f711c1a422e62b)] -> xpath: //input[@id='flight-returning-hp-flight']]<br> Clicking  on Travellers Button : [[ChromeDriver: chrome on WINDOWS (00d59c751133a6eb43f711c1a422e62b)] -> xpath: //div[@class='menu-bar gcw-travel-selector-wrapper']//button[@class='trigger-utility menu-trigger btn-utility btn-secondary dropdown-toggle theme-standard pin-left menu-arrow gcw-component gcw-traveler-amount-select gcw-component-initialized']]<br> Clicking  on No of Adults Button  : [[ChromeDriver: chrome on WINDOWS (00d59c751133a6eb43f711c1a422e62b)] -> xpath: //body[contains(@class,'')]/meso-native-marquee/section[@id='WizardHero']/div[@id='hero-banner']/div[contains(@class,'hero-banner-gradient native-marquee')]/div[contains(@class,'cols-row hero-banner-inner')]/section[@id='wizardSection']/div[contains(@class,'hero-banner-box siteId-3 cf hideClassicDcol')]/div[@id='wizard-tabs']/div[contains(@class,'tabs-container col')]/section[@id='section-flight-tab-hp']/form[@id='gcw-flights-form-hp-flight']/fieldset[contains(@class,'room-data')]/div[contains(@class,'cols-nested')]/div[contains(@class,'ab25184-traveler-wrapper-flight available-for-flights gcw-clear-both')]/div[@id='traveler-selector-hp-flight']/div[contains(@class,'menu-bar gcw-travel-selector-wrapper')]/ul[contains(@class,'menu-bar-inner')]/li[contains(@class,'open')]/div[contains(@class,'menu sticky gcw-menu')]/div[contains(@class,'menu-main')]/div[contains(@class,'traveler-selector-sinlge-room-data traveler-selector-room-data')]/div[contains(@class,'uitk-grid step-input-outside gcw-component gcw-component-step-input gcw-step-input gcw-component-initialized')]/div[contains(@class,'uitk-col all-col-shrink')]/button[contains(@class,'uitk-step-input-button uitk-step-input-plus')]/span[1]//*[local-name()='svg']]<br> Clicking  on Close Button  : [[ChromeDriver: chrome on WINDOWS (00d59c751133a6eb43f711c1a422e62b)] -> xpath: //li[contains(@class,'open')]//button[contains(@class,'close btn-text')]]<br> Clicking  on Seacrch Button   : [[ChromeDriver: chrome on WINDOWS (00d59c751133a6eb43f711c1a422e62b)] -> xpath: //form[@id='gcw-flights-form-hp-flight']//button[contains(@class,'btn-primary btn-action gcw-submit')]]<br> Verify Destination City Message  : [[ChromeDriver: chrome on WINDOWS (00d59c751133a6eb43f711c1a422e62b)] -> xpath: //span[@class='title-city-text']]<br>  </system-out>
</testsuite> <!-- co.uk.expedia.testsuite.FlightTest -->
